{
  "RSpec": {
    "coverage": {
      "/Users/davidwhitaker/turing/3module/projects/rails_engine/app/helpers/application_helper.rb": [
        1,
        null
      ],
      "/Users/davidwhitaker/turing/3module/projects/rails_engine/app/models/merchant.rb": [
        1,
        null
      ],
      "/Users/davidwhitaker/turing/3module/projects/rails_engine/app/controllers/api/v1/merchants_controller.rb": [
        1,
        1,
        1,
        1,
        null,
        1,
        1,
        null,
        null,
        null,
        null
      ],
      "/Users/davidwhitaker/turing/3module/projects/rails_engine/app/controllers/api/api_controller.rb": [
        1,
        1,
        1,
        null,
        null
      ],
      "/Users/davidwhitaker/turing/3module/projects/rails_engine/app/controllers/application_controller.rb": [
        1,
        null,
        null,
        1,
        null
      ],
      "/Users/davidwhitaker/turing/3module/projects/rails_engine/app/serializers/merchant_serializer.rb": [
        1,
        1,
        null
      ]
    },
    "timestamp": 1460428537
  }
}
